<?xml version="1.0" encoding="UTF-8"?>
<testsuite xmlns:xsi="http://www.w3.org/2001/XMLSchema-instance" xsi:noNamespaceSchemaLocation="https://maven.apache.org/surefire/maven-surefire-plugin/xsd/surefire-test-report-3.0.xsd" version="3.0" name="org.diseasePredication.CrudUserTest" time="1.05" tests="5" errors="0" skipped="0" failures="0">
  <properties>
[...]
</properties>
  <testcase name="dublicateUserTest" classname="org.diseasePredication.CrudUserTest" time="0.938">
    <system-out><![CDATA[Exception :-'test@gmail.com'-This User not Found 
]]></system-out>
  </testcase>
  <testcase name="displayAllUsers" classname="org.diseasePredication.CrudUserTest" time="0.015">
    <system-out><![CDATA[Exception :-'test@gmail.com'-This User not Found 
]]></system-out>
  </testcase>
  <testcase name="updateUserTest" classname="org.diseasePredication.CrudUserTest" time="0.021">
    <system-out><![CDATA[Exception :-'test@gmail.com'-This User not Found 
]]></system-out>
  </testcase>
  <testcase name="insertUserTest" classname="org.diseasePredication.CrudUserTest" time="0.022">
    <system-out><![CDATA[Exception :-'test@gmail.com'-This User not Found 
]]></system-out>
  </testcase>
  <testcase name="deleteUserTest" classname="org.diseasePredication.CrudUserTest" time="0.014">
    <system-out><![CDATA[Exception :-'test@gmail.com'-This User not Found 
Exception :-'test@gmail.com'-This User not Found 
]]></system-out>
  </testcase>
</testsuite>